[0.584s] Invoking command in '/home/anton/ros2_ws/src/so101_ros2/so101_smolvla_inference': PYTHONPATH=/home/anton/ros2_ws/src/so101_ros2/build/so101_smolvla_inference/prefix_override:/usr/lib/python3/dist-packages/colcon_core/task/python/colcon_distutils_commands:/home/anton/ros2_ws/src/so101_ros2/install/so101_smolvla_inference/lib/python3.10/site-packages:${PYTHONPATH} /usr/bin/python3 -W ignore:setup.py install is deprecated -W ignore:easy_install command is deprecated setup.py egg_info --egg-base ../build/so101_smolvla_inference build --build-base /home/anton/ros2_ws/src/so101_ros2/build/so101_smolvla_inference/build install --record /home/anton/ros2_ws/src/so101_ros2/build/so101_smolvla_inference/install.log --single-version-externally-managed install_data
[0.810s] running egg_info
[0.810s] creating ../build/so101_smolvla_inference/so101_smolvla_inference.egg-info
[0.810s] writing ../build/so101_smolvla_inference/so101_smolvla_inference.egg-info/PKG-INFO
[0.810s] writing dependency_links to ../build/so101_smolvla_inference/so101_smolvla_inference.egg-info/dependency_links.txt
[0.811s] writing entry points to ../build/so101_smolvla_inference/so101_smolvla_inference.egg-info/entry_points.txt
[0.811s] writing requirements to ../build/so101_smolvla_inference/so101_smolvla_inference.egg-info/requires.txt
[0.811s] writing top-level names to ../build/so101_smolvla_inference/so101_smolvla_inference.egg-info/top_level.txt
[0.811s] writing manifest file '../build/so101_smolvla_inference/so101_smolvla_inference.egg-info/SOURCES.txt'
[0.811s] reading manifest file '../build/so101_smolvla_inference/so101_smolvla_inference.egg-info/SOURCES.txt'
[0.812s] writing manifest file '../build/so101_smolvla_inference/so101_smolvla_inference.egg-info/SOURCES.txt'
[0.812s] running build
[0.812s] running install
[0.812s] running install_data
[0.813s] creating /home/anton/ros2_ws/src/so101_ros2/install/so101_smolvla_inference/share/ament_index
[0.813s] creating /home/anton/ros2_ws/src/so101_ros2/install/so101_smolvla_inference/share/ament_index/resource_index
[0.813s] creating /home/anton/ros2_ws/src/so101_ros2/install/so101_smolvla_inference/share/ament_index/resource_index/packages
[0.813s] copying resource/so101_smolvla_inference -> /home/anton/ros2_ws/src/so101_ros2/install/so101_smolvla_inference/share/ament_index/resource_index/packages
[0.813s] copying package.xml -> /home/anton/ros2_ws/src/so101_ros2/install/so101_smolvla_inference/share/so101_smolvla_inference
[0.813s] creating /home/anton/ros2_ws/src/so101_ros2/install/so101_smolvla_inference/share/so101_smolvla_inference/launch
[0.813s] copying launch/smolvla_inference.launch.py -> /home/anton/ros2_ws/src/so101_ros2/install/so101_smolvla_inference/share/so101_smolvla_inference/launch
[0.813s] running install_egg_info
[0.815s] Copying ../build/so101_smolvla_inference/so101_smolvla_inference.egg-info to /home/anton/ros2_ws/src/so101_ros2/install/so101_smolvla_inference/lib/python3.10/site-packages/so101_smolvla_inference-0.0.1-py3.10.egg-info
[0.816s] running install_scripts
[0.833s] Installing smolvla_inference_node script to /home/anton/ros2_ws/src/so101_ros2/install/so101_smolvla_inference/bin
[0.833s] writing list of installed files to '/home/anton/ros2_ws/src/so101_ros2/build/so101_smolvla_inference/install.log'
[0.850s] Invoked command in '/home/anton/ros2_ws/src/so101_ros2/so101_smolvla_inference' returned '0': PYTHONPATH=/home/anton/ros2_ws/src/so101_ros2/build/so101_smolvla_inference/prefix_override:/usr/lib/python3/dist-packages/colcon_core/task/python/colcon_distutils_commands:/home/anton/ros2_ws/src/so101_ros2/install/so101_smolvla_inference/lib/python3.10/site-packages:${PYTHONPATH} /usr/bin/python3 -W ignore:setup.py install is deprecated -W ignore:easy_install command is deprecated setup.py egg_info --egg-base ../build/so101_smolvla_inference build --build-base /home/anton/ros2_ws/src/so101_ros2/build/so101_smolvla_inference/build install --record /home/anton/ros2_ws/src/so101_ros2/build/so101_smolvla_inference/install.log --single-version-externally-managed install_data
